<?xml version="1.0" encoding="UTF-8"?>
<testng-results ignored="0" total="1" passed="0" failed="1" skipped="0">
  <reporter-output>
  </reporter-output>
  <suite started-at="2024-07-19T16:36:34 UTC" name="Suite" finished-at="2024-07-19T16:36:37 UTC" duration-ms="3613">
    <groups>
      <group name="cucumber">
        <method signature="AbstractTestNGCucumberTests.runScenario(io.cucumber.testng.PickleWrapper,io.cucumber.testng.FeatureWrapper)[pri:0, instance:awesomecucumber.runners.MyRunnerTest@661972b0]" name="runScenario" class="io.cucumber.testng.AbstractTestNGCucumberTests"/>
      </group> <!-- cucumber -->
    </groups>
    <test started-at="2024-07-19T16:36:34 UTC" name="ChromeTest" finished-at="2024-07-19T16:36:37 UTC" duration-ms="3613">
      <class name="awesomecucumber.runners.MyRunnerTest">
        <test-method is-config="true" signature="setUpClass(org.testng.ITestContext)[pri:0, instance:awesomecucumber.runners.MyRunnerTest@661972b0]" started-at="2024-07-19T16:36:34 UTC" name="setUpClass" finished-at="2024-07-19T16:36:34 UTC" duration-ms="603" status="PASS">
          <params>
            <param index="0">
              <value>
                <![CDATA[org.testng.TestRunner@29bbc63c]]>
              </value>
            </param>
          </params>
          <reporter-output>
          </reporter-output>
        </test-method> <!-- setUpClass -->
        <test-method is-config="true" signature="setBrowser(java.lang.String)[pri:0, instance:awesomecucumber.runners.MyRunnerTest@661972b0]" started-at="2024-07-19T16:36:34 UTC" name="setBrowser" finished-at="2024-07-19T16:36:34 UTC" duration-ms="1" status="PASS">
          <params>
            <param index="0">
              <value>
                <![CDATA[CHROME]]>
              </value>
            </param>
          </params>
          <reporter-output>
          </reporter-output>
        </test-method> <!-- setBrowser -->
        <test-method signature="runScenario(io.cucumber.testng.PickleWrapper,io.cucumber.testng.FeatureWrapper)[pri:0, instance:awesomecucumber.runners.MyRunnerTest@661972b0]" started-at="2024-07-19T16:36:34 UTC" name="runScenario" description="Runs Cucumber Scenarios" data-provider="scenarios" finished-at="2024-07-19T16:36:37 UTC" duration-ms="2575" status="FAIL">
          <params>
            <param index="0">
              <value>
                <![CDATA["Checkout success"]]>
              </value>
            </param>
            <param index="1">
              <value>
                <![CDATA["Checkout"]]>
              </value>
            </param>
          </params>
          <exception class="org.openqa.selenium.SessionNotCreatedException">
            <message>
              <![CDATA[Could not start a new session. Response code 500. Message: session not created: Chrome failed to start: exited normally.
  (session not created: DevToolsActivePort file doesn't exist)
  (The process started from chrome location /opt/google/chrome/chrome is no longer running, so ChromeDriver is assuming that Chrome has crashed.) 
Host info: host: 'fv-az735-640', ip: '10.1.0.94'
Build info: version: '4.8.1', revision: '8ebccac989'
System info: os.name: 'Linux', os.arch: 'amd64', os.version: '6.5.0-1023-azure', java.version: '17.0.11'
Driver info: org.openqa.selenium.chrome.ChromeDriver
Command: [null, newSession {capabilities=[Capabilities {browserName: chrome, goog:chromeOptions: {args: [--remote-allow-origins=*], extensions: []}}], desiredCapabilities=Capabilities {browserName: chrome, goog:chromeOptions: {args: [--remote-allow-origins=*], extensions: []}}}]]]>
            </message>
            <full-stacktrace>
              <![CDATA[org.openqa.selenium.SessionNotCreatedException: Could not start a new session. Response code 500. Message: session not created: Chrome failed to start: exited normally.
  (session not created: DevToolsActivePort file doesn't exist)
  (The process started from chrome location /opt/google/chrome/chrome is no longer running, so ChromeDriver is assuming that Chrome has crashed.) 
Host info: host: 'fv-az735-640', ip: '10.1.0.94'
Build info: version: '4.8.1', revision: '8ebccac989'
System info: os.name: 'Linux', os.arch: 'amd64', os.version: '6.5.0-1023-azure', java.version: '17.0.11'
Driver info: org.openqa.selenium.chrome.ChromeDriver
Command: [null, newSession {capabilities=[Capabilities {browserName: chrome, goog:chromeOptions: {args: [--remote-allow-origins=*], extensions: []}}], desiredCapabilities=Capabilities {browserName: chrome, goog:chromeOptions: {args: [--remote-allow-origins=*], extensions: []}}}]
at org.openqa.selenium.remote.ProtocolHandshake.createSession(ProtocolHandshake.java:148)
at org.openqa.selenium.remote.ProtocolHandshake.createSession(ProtocolHandshake.java:106)
at org.openqa.selenium.remote.ProtocolHandshake.createSession(ProtocolHandshake.java:67)
at org.openqa.selenium.remote.HttpCommandExecutor.execute(HttpCommandExecutor.java:156)
at org.openqa.selenium.remote.service.DriverCommandExecutor.invokeExecute(DriverCommandExecutor.java:167)
at org.openqa.selenium.remote.service.DriverCommandExecutor.execute(DriverCommandExecutor.java:142)
at org.openqa.selenium.remote.RemoteWebDriver.execute(RemoteWebDriver.java:543)
at org.openqa.selenium.remote.RemoteWebDriver.startSession(RemoteWebDriver.java:229)
at org.openqa.selenium.remote.RemoteWebDriver.<init>(RemoteWebDriver.java:157)
at org.openqa.selenium.chromium.ChromiumDriver.<init>(ChromiumDriver.java:101)
at org.openqa.selenium.chrome.ChromeDriver.<init>(ChromeDriver.java:82)
at org.openqa.selenium.chrome.ChromeDriver.<init>(ChromeDriver.java:71)
at awesomecucumber.factory.DriverManager.initializeDriver(DriverManager.java:19)
at awesomecucumber.hooks.MyHooks.before(MyHooks.java:21)
]]>
            </full-stacktrace>
          </exception> <!-- org.openqa.selenium.SessionNotCreatedException -->
          <reporter-output>
          </reporter-output>
        </test-method> <!-- runScenario -->
        <test-method is-config="true" signature="tearDownClass()[pri:0, instance:awesomecucumber.runners.MyRunnerTest@661972b0]" started-at="2024-07-19T16:36:37 UTC" name="tearDownClass" finished-at="2024-07-19T16:36:37 UTC" duration-ms="403" status="PASS">
          <reporter-output>
          </reporter-output>
        </test-method> <!-- tearDownClass -->
        <test-method is-config="true" signature="quit()[pri:0, instance:awesomecucumber.runners.MyRunnerTest@661972b0]" started-at="2024-07-19T16:36:37 UTC" name="quit" finished-at="2024-07-19T16:36:37 UTC" duration-ms="0" status="PASS">
          <reporter-output>
          </reporter-output>
        </test-method> <!-- quit -->
      </class> <!-- awesomecucumber.runners.MyRunnerTest -->
    </test> <!-- ChromeTest -->
  </suite> <!-- Suite -->
</testng-results>
